==========================================
==========================================
      SERVER PERFORMANCE STATS            
==========================================
Total CPU Usage: 4.8%
Memory Usage: 313 MB used / 230 MB free (34.47%)
Disk Usage: 2.8G / 6.7G (43%)

Top 5 Processes by CPU Usage:
    PID    PPID CMD                         %MEM %CPU
   7476       2 [kworker/0:1-events]         0.0  0.0
      1       0 /sbin/init                   1.6  0.0
   9372       2 [kworker/1:1-events]         0.0  0.0
    178       1 /usr/sbin/multipathd -d -s   1.0  0.0
   7926    7925 -bash                        0.6  0.0

Top 5 Processes by Memory Usage:
    PID    PPID CMD                         %MEM %CPU
    605       1 /usr/lib/snapd/snapd         4.2  0.0
    734       1 /usr/bin/python3 /usr/share  3.4  0.0
    594       1 /usr/bin/python3 /usr/bin/n  3.1  0.0
    991       1 /snap/amazon-ssm-agent/1300  2.2  0.0
    129       1 /usr/lib/systemd/systemd-jo  1.7  0.0

==========================================
==========================================
      SERVER PERFORMANCE STATS            
==========================================
Total CPU Usage: 4.5%
Memory Usage: 313 MB used / 230 MB free (34.47%)
Disk Usage: 2.8G / 6.7G (43%)

Top 5 Processes by CPU Usage:
    PID    PPID CMD                         %MEM %CPU
   7476       2 [kworker/0:1-events]         0.0  0.0
      1       0 /sbin/init                   1.6  0.0
   9372       2 [kworker/1:1-mm_percpu_wq]   0.0  0.0
    178       1 /usr/sbin/multipathd -d -s   1.0  0.0
   7926    7925 -bash                        0.6  0.0

Top 5 Processes by Memory Usage:
    PID    PPID CMD                         %MEM %CPU
    605       1 /usr/lib/snapd/snapd         4.2  0.0
    734       1 /usr/bin/python3 /usr/share  3.4  0.0
    594       1 /usr/bin/python3 /usr/bin/n  3.1  0.0
    991       1 /snap/amazon-ssm-agent/1300  2.2  0.0
    129       1 /usr/lib/systemd/systemd-jo  1.7  0.0

==========================================
==========================================
      SERVER PERFORMANCE STATS            
==========================================
Total CPU Usage: 4.8%
Memory Usage: 313 MB used / 230 MB free (34.47%)
Disk Usage: 2.8G / 6.7G (43%)

Top 5 Processes by CPU Usage:
    PID    PPID CMD                         %MEM %CPU
   7476       2 [kworker/0:1-events]         0.0  0.0
      1       0 /sbin/init                   1.6  0.0
   9372       2 [kworker/1:1-events]         0.0  0.0
    178       1 /usr/sbin/multipathd -d -s   1.0  0.0
   7926    7925 -bash                        0.6  0.0

Top 5 Processes by Memory Usage:
    PID    PPID CMD                         %MEM %CPU
    605       1 /usr/lib/snapd/snapd         4.2  0.0
    734       1 /usr/bin/python3 /usr/share  3.4  0.0
    594       1 /usr/bin/python3 /usr/bin/n  3.1  0.0
    991       1 /snap/amazon-ssm-agent/1300  2.2  0.0
    129       1 /usr/lib/systemd/systemd-jo  1.7  0.0

==========================================
==========================================
      SERVER PERFORMANCE STATS            
==========================================
Total CPU Usage: 4.8%
Memory Usage: 313 MB used / 230 MB free (34.47%)
Disk Usage: 2.8G / 6.7G (43%)

Top 5 Processes by CPU Usage:
    PID    PPID CMD                         %MEM %CPU
   7476       2 [kworker/0:1-events]         0.0  0.0
      1       0 /sbin/init                   1.6  0.0
   9372       2 [kworker/1:1-events]         0.0  0.0
    178       1 /usr/sbin/multipathd -d -s   1.0  0.0
   7926    7925 -bash                        0.6  0.0

Top 5 Processes by Memory Usage:
    PID    PPID CMD                         %MEM %CPU
    605       1 /usr/lib/snapd/snapd         4.2  0.0
    734       1 /usr/bin/python3 /usr/share  3.4  0.0
    594       1 /usr/bin/python3 /usr/bin/n  3.1  0.0
    991       1 /snap/amazon-ssm-agent/1300  2.2  0.0
    129       1 /usr/lib/systemd/systemd-jo  1.7  0.0

==========================================
==========================================
      SERVER PERFORMANCE STATS            
==========================================
Total CPU Usage: 4.5%
Memory Usage: 311 MB used / 224 MB free (34.25%)
Disk Usage: 2.8G / 6.7G (43%)

Top 5 Processes by CPU Usage:
    PID    PPID CMD                         %MEM %CPU
   7476       2 [kworker/0:1-events]         0.0  0.0
      1       0 /sbin/init                   1.6  0.0
   9372       2 [kworker/1:1-events]         0.0  0.0
    178       1 /usr/sbin/multipathd -d -s   1.0  0.0
   7926    7925 -bash                        0.6  0.0

Top 5 Processes by Memory Usage:
    PID    PPID CMD                         %MEM %CPU
    605       1 /usr/lib/snapd/snapd         4.2  0.0
    734       1 /usr/bin/python3 /usr/share  3.4  0.0
    594       1 /usr/bin/python3 /usr/bin/n  3.1  0.0
    991       1 /snap/amazon-ssm-agent/1300  2.2  0.0
    129       1 /usr/lib/systemd/systemd-jo  1.7  0.0

==========================================